c:\dahdouha\third semester - year 2\csai-201-final\project-201\project 201\project 201\x64\debug\vc143.pdb
c:\dahdouha\third semester - year 2\csai-201-final\project-201\project 201\project 201\x64\debug\vc143.idb
c:\dahdouha\third semester - year 2\csai-201-final\project-201\project 201\project 201\x64\debug\ui.obj
c:\dahdouha\third semester - year 2\csai-201-final\project-201\project 201\project 201\x64\debug\passenger.obj
c:\dahdouha\third semester - year 2\csai-201-final\project-201\project 201\project 201\x64\debug\main.obj
c:\dahdouha\third semester - year 2\csai-201-final\project-201\project 201\project 201\x64\debug\leaveevent.obj
c:\dahdouha\third semester - year 2\csai-201-final\project-201\project 201\project 201\x64\debug\event.obj
c:\dahdouha\third semester - year 2\csai-201-final\project-201\project 201\project 201\x64\debug\company.obj
c:\dahdouha\third semester - year 2\csai-201-final\project-201\project 201\project 201\x64\debug\bus.obj
c:\dahdouha\third semester - year 2\csai-201-final\project-201\project 201\project 201\x64\debug\arrivalevent.obj
c:\dahdouha\third semester - year 2\csai-201-final\project-201\project 201\project 201\x64\debug\project 201.ilk
c:\dahdouha\third semester - year 2\csai-201-final\project-201\project 201\x64\debug\project 201.exe
c:\dahdouha\third semester - year 2\csai-201-final\project-201\project 201\x64\debug\project 201.pdb
c:\dahdouha\third semester - year 2\csai-201-final\project-201\project 201\project 201\x64\debug\project 201.tlog\cl.command.1.tlog
c:\dahdouha\third semester - year 2\csai-201-final\project-201\project 201\project 201\x64\debug\project 201.tlog\cl.items.tlog
c:\dahdouha\third semester - year 2\csai-201-final\project-201\project 201\project 201\x64\debug\project 201.tlog\cl.read.1.tlog
c:\dahdouha\third semester - year 2\csai-201-final\project-201\project 201\project 201\x64\debug\project 201.tlog\cl.write.1.tlog
c:\dahdouha\third semester - year 2\csai-201-final\project-201\project 201\project 201\x64\debug\project 201.tlog\link.command.1.tlog
c:\dahdouha\third semester - year 2\csai-201-final\project-201\project 201\project 201\x64\debug\project 201.tlog\link.read.1.tlog
c:\dahdouha\third semester - year 2\csai-201-final\project-201\project 201\project 201\x64\debug\project 201.tlog\link.write.1.tlog
